<?xml version="1.0" encoding="UTF-8"?>
<!-- Generated by org.testng.reporters.JUnitReportReporter -->
<testsuite skipped="0" hostname="LAPTOP-0HGHKCPC" name="test.AddContactTest" tests="1" failures="0" timestamp="2021-10-08T21:54:48 CDT" time="7.697" errors="0">
  <testcase name="validUserShouldBeAbletoAddCustomer" time="7.697" classname="test.AddContactTest"/>
  <system-out/>
</testsuite> <!-- test.AddContactTest -->
