<?xml version="1.0" encoding="UTF-8"?>
<!-- Generated by org.testng.reporters.JUnitReportReporter -->
<testsuite skipped="0" hostname="LAPTOP-0HGHKCPC" name="test.LoginTest" tests="1" failures="0" timestamp="2021-10-08T18:13:13 CDT" time="6.146" errors="0">
  <testcase name="verifiedUserShouldBeAbleToLogin" time="6.146" classname="test.LoginTest"/>
  <system-out/>
</testsuite> <!-- test.LoginTest -->
