<?xml version="1.0" encoding="UTF-8"?>
<!-- Generated by org.testng.reporters.JUnitReportReporter -->
<testsuite skipped="0" hostname="LAPTOP-0HGHKCPC" name="test.AddContactTest" tests="1" failures="0" timestamp="2021-10-08T20:34:13 CDT" time="6.321" errors="0">
  <testcase name="validUserShouldBeAbletoAddCustomer" time="6.321" classname="test.AddContactTest"/>
  <system-out/>
</testsuite> <!-- test.AddContactTest -->
